\BOOKMARK [1][-]{section.1}{Introduction}{}% 1
\BOOKMARK [1][-]{section.2}{Problem Statement}{}% 2
\BOOKMARK [2][-]{subsection.2.1}{The Development Scenario: \040Bottom-Up Language Product Lines}{section.2}% 3
\BOOKMARK [2][-]{subsection.2.2}{Scope of the Approach: \040Executable Domain Specific Languages}{section.2}% 4
\BOOKMARK [1][-]{section.3}{Proposed Approach: \040Reverse-Engineering Language Product Lines}{}% 5
\BOOKMARK [2][-]{subsection.3.1}{Recovering a Language Modular Design}{section.3}% 6
\BOOKMARK [3][-]{subsubsection.3.1.1}{Language Modules. How to identify them?}{subsection.3.1}% 7
\BOOKMARK [3][-]{subsubsection.3.1.2}{Language Modules. How to specify them?}{subsection.3.1}% 8
\BOOKMARK [2][-]{subsection.3.2}{Synthesizing Language Variability Models}{section.3}% 9
\BOOKMARK [3][-]{subsubsection.3.2.1}{Language Variability. How to express it?}{subsection.3.2}% 10
\BOOKMARK [3][-]{subsubsection.3.2.2}{Language Variability. How to synthesize it?}{subsection.3.2}% 11
\BOOKMARK [3][-]{subsubsection.3.2.3}{DSL Variants Configuration}{subsection.3.2}% 12
\BOOKMARK [2][-]{subsection.3.3}{Language Modules Composition}{section.3}% 13
\BOOKMARK [1][-]{section.4}{Case study: Finite State Machines}{}% 14
\BOOKMARK [2][-]{subsection.4.1}{Background to the research project}{section.4}% 15
\BOOKMARK [2][-]{subsection.4.2}{Case Study Design and planning}{section.4}% 16
\BOOKMARK [3][-]{subsubsection.4.2.1}{Rationale}{subsection.4.2}% 17
\BOOKMARK [3][-]{subsubsection.4.2.2}{Objective}{subsection.4.2}% 18
\BOOKMARK [3][-]{subsubsection.4.2.3}{Units of Analyses}{subsection.4.2}% 19
\BOOKMARK [3][-]{subsubsection.4.2.4}{Case Study protocol}{subsection.4.2}% 20
\BOOKMARK [2][-]{subsection.4.3}{Data collection}{section.4}% 21
\BOOKMARK [2][-]{subsection.4.4}{Results}{section.4}% 22
\BOOKMARK [1][-]{section.5}{Related Work}{}% 23
\BOOKMARK [1][-]{section.6}{Discussion: Broadening the Spectrum}{}% 24
\BOOKMARK [1][-]{section.7}{Conclusion}{}% 25
